<?xml version="1.0" encoding="UTF-8"?>
<Site BuildName="(empty)"
	BuildStamp="20241010-1912-Experimental"
	Name="(empty)"
	Generator="ctest-3.30.3"
	CompilerName=""
	CompilerVersion=""
	OSName="Windows"
	Hostname="Timo-PC"
	OSRelease=" Personal"
	OSVersion=" (Build 22631)"
	OSPlatform="AMD64"
	Is64Bits="1"
	VendorString="AuthenticAMD"
	VendorID="Advanced Micro Devices"
	FamilyID="15"
	ModelID="8"
	ProcessorCacheSize="96"
	NumberOfLogicalCPU="8"
	NumberOfPhysicalCPU="4"
	TotalVirtualMemory="15106"
	TotalPhysicalMemory="14210"
	LogicalProcessorsPerPhysical="2"
	ProcessorClockFrequency="2295"
	>
	<Testing>
		<StartDateTime>Oct 10 23:01 ?????????</StartDateTime>
		<StartTestTime>1728594066</StartTestTime>
		<TestList>
			<Test>./tests/PolymonalTests.Operator_Plus_ConstantIsAddedToPolynomial_ReturnsTrue</Test>
		</TestList>
		<Test Status="passed">
			<Name>PolymonalTests.Operator_Plus_ConstantIsAddedToPolynomial_ReturnsTrue</Name>
			<Path>./tests</Path>
			<FullName>./tests/PolymonalTests.Operator_Plus_ConstantIsAddedToPolynomial_ReturnsTrue</FullName>
			<FullCommandLine>C:\Projekte\vath\build\tests\VathTests.exe "--gtest_filter=PolymonalTests.Operator_Plus_ConstantIsAddedToPolynomial_ReturnsTrue" "--gtest_also_run_disabled_tests"</FullCommandLine>
			<Results>
				<NamedMeasurement type="numeric/double" name="Execution Time">
					<Value>0.0508051</Value>
				</NamedMeasurement>
				<NamedMeasurement type="numeric/double" name="Processors">
					<Value>1</Value>
				</NamedMeasurement>
				<NamedMeasurement type="text/string" name="Completion Status">
					<Value>Completed</Value>
				</NamedMeasurement>
				<NamedMeasurement type="text/string" name="Command Line">
					<Value>C:\Projekte\vath\build\tests\VathTests.exe "--gtest_filter=PolymonalTests.Operator_Plus_ConstantIsAddedToPolynomial_ReturnsTrue" "--gtest_also_run_disabled_tests"</Value>
				</NamedMeasurement>
				<NamedMeasurement type="text/string" name="Environment">
					<Value>#CTEST_RESOURCE_GROUP_COUNT=</Value>
				</NamedMeasurement>
				<Measurement>
					<Value encoding="base64" compression="gzip">eJytUcFqg0AQvfsVc4wHpb0GcghpCaWQiLEnFdnGibXdnQm7Y0r/vq6GEAuFHPJOj523M+/NpB1RSw0Y1dIshINlA6t5kVj+xC/B4qTko2iYG42CTq6ps/ui8azyn+P9Ptiw4BzWgwSyvgKHVgtaWEDC+scwKe2fXbw9olXCtkp056oVkxNF8uKWdY11xl5NbFqlqxSls+Qy22GQLy4oIT07fwQZJnnnZ+66VjAO8uiCEtaa35Ue60in1jIZpF6LEnXHP+LrnlPnQQ7p2wYGlHdKNXaD7eudOsLsAYwLb400ykFYlA6D27YmqGxU8zdNb/LfLcAqiqdz+tTJcrd7fvJ7HLVx8AvWs99s====</Value>
				</Measurement>
			</Results>
		</Test>
		<EndDateTime>Oct 10 23:01 ?????????</EndDateTime>
		<EndTestTime>1728594066</EndTestTime>
		<ElapsedMinutes>0</ElapsedMinutes>
	</Testing>
</Site>
