Start testing: Oct 11 23:32 ?????????
----------------------------------------------------------
28/47 Testing: PolymonalTests.Operator_Subtraction_PolynomialIsSubtractedFromPolynomial_ReturnsTrue
28/47 Test: PolymonalTests.Operator_Subtraction_PolynomialIsSubtractedFromPolynomial_ReturnsTrue
Command: "C:/Projekte/vath/build/tests/VathTests.exe" "--gtest_filter=PolymonalTests.Operator_Subtraction_PolynomialIsSubtractedFromPolynomial_ReturnsTrue" "--gtest_also_run_disabled_tests"
Directory: C:/Projekte/vath/build/tests
"PolymonalTests.Operator_Subtraction_PolynomialIsSubtractedFromPolynomial_ReturnsTrue" start time: Oct 11 23:32 ?????????
Output:
----------------------------------------------------------
Running main() from C:\Projekte\vath\googletest\googletest\src\gtest_main.cc
Note: Google Test filter = PolymonalTests.Operator_Subtraction_PolynomialIsSubtractedFromPolynomial_ReturnsTrue
[==========] Running 1 test from 1 test suite.
[----------] Global test environment set-up.
[----------] 1 test from PolymonalTests
[ RUN      ] PolymonalTests.Operator_Subtraction_PolynomialIsSubtractedFromPolynomial_ReturnsTrue
[       OK ] PolymonalTests.Operator_Subtraction_PolynomialIsSubtractedFromPolynomial_ReturnsTrue (0 ms)
[----------] 1 test from PolymonalTests (0 ms total)

[----------] Global test environment tear-down
[==========] 1 test from 1 test suite ran. (0 ms total)
[  PASSED  ] 1 test.
<end of output>
Test time =   0.06 sec
----------------------------------------------------------
Test Passed.
"PolymonalTests.Operator_Subtraction_PolynomialIsSubtractedFromPolynomial_ReturnsTrue" end time: Oct 11 23:32 ?????????
"PolymonalTests.Operator_Subtraction_PolynomialIsSubtractedFromPolynomial_ReturnsTrue" time elapsed: 00:00:00
----------------------------------------------------------

End testing: Oct 11 23:32 ?????????
