<?xml version="1.0" encoding="UTF-8"?>
<Site BuildName="(empty)"
	BuildStamp="20241019-1125-Experimental"
	Name="(empty)"
	Generator="ctest-3.30.3"
	CompilerName=""
	CompilerVersion=""
	OSName="Windows"
	Hostname="Timo-PC"
	OSRelease=" Personal"
	OSVersion=" (Build 22631)"
	OSPlatform="AMD64"
	Is64Bits="1"
	VendorString="AuthenticAMD"
	VendorID="Advanced Micro Devices"
	FamilyID="15"
	ModelID="8"
	ProcessorCacheSize="96"
	NumberOfLogicalCPU="8"
	NumberOfPhysicalCPU="4"
	TotalVirtualMemory="15106"
	TotalPhysicalMemory="14210"
	LogicalProcessorsPerPhysical="2"
	ProcessorClockFrequency="2295"
	>
	<Testing>
		<StartDateTime>Oct 19 16:43 ?????????</StartDateTime>
		<StartTestTime>1729349015</StartTestTime>
		<TestList>
			<Test>./tests/PolynomialTests.Operator_Equals_OnePolynomialsRestIsDifferent_ReturnsTrue</Test>
		</TestList>
		<Test Status="passed">
			<Name>PolynomialTests.Operator_Equals_OnePolynomialsRestIsDifferent_ReturnsTrue</Name>
			<Path>./tests</Path>
			<FullName>./tests/PolynomialTests.Operator_Equals_OnePolynomialsRestIsDifferent_ReturnsTrue</FullName>
			<FullCommandLine>C:\Projekte\vath\build\tests\VathTests.exe "--gtest_filter=PolynomialTests.Operator_Equals_OnePolynomialsRestIsDifferent_ReturnsTrue" "--gtest_also_run_disabled_tests"</FullCommandLine>
			<Results>
				<NamedMeasurement type="numeric/double" name="Execution Time">
					<Value>0.048976</Value>
				</NamedMeasurement>
				<NamedMeasurement type="numeric/double" name="Processors">
					<Value>1</Value>
				</NamedMeasurement>
				<NamedMeasurement type="text/string" name="Completion Status">
					<Value>Completed</Value>
				</NamedMeasurement>
				<NamedMeasurement type="text/string" name="Command Line">
					<Value>C:\Projekte\vath\build\tests\VathTests.exe "--gtest_filter=PolynomialTests.Operator_Equals_OnePolynomialsRestIsDifferent_ReturnsTrue" "--gtest_also_run_disabled_tests"</Value>
				</NamedMeasurement>
				<NamedMeasurement type="text/string" name="Environment">
					<Value>#CTEST_RESOURCE_GROUP_COUNT=</Value>
				</NamedMeasurement>
				<Measurement>
					<Value encoding="base64" compression="gzip">eJytUU1rwkAQvedXzNEcEtqr4KFUkVIwIdpTEsLWTtJtN7N2dtbSf998iFWh4ME5PXbevnlvJvNEmhpolaZJCDXbFh6nRcr2Az8Fi72S96KxtjEo6OQUOt4WTY+q/nO83QYrKziF5UCBTdeBWhtBhhmk1vyQbbUy/buLkx2yEsvV4ssr46qE8I/iso7z5Oa6rpGRpMpQPJPbsMcgnx2rhOxg/x5kGNfbP2DntWAc5NGxSlga+6rM2Efaa7bUdvrgUCK/uyCfal7YD3LIXlYwVHnLbKMkJM+3lIXJHbQuvDrdyAexokwYXLdBQcXRm/2m8/v8dxdgRfH5nC57+rBeL+b9SkduHPwC/Szmjw==</Value>
				</Measurement>
			</Results>
		</Test>
		<EndDateTime>Oct 19 16:43 ?????????</EndDateTime>
		<EndTestTime>1729349015</EndTestTime>
		<ElapsedMinutes>0</ElapsedMinutes>
	</Testing>
</Site>
