<?xml version="1.0" encoding="UTF-8"?>
<Site BuildName="(empty)"
	BuildStamp="20241019-1125-Experimental"
	Name="(empty)"
	Generator="ctest-3.30.3"
	CompilerName=""
	CompilerVersion=""
	OSName="Windows"
	Hostname="Timo-PC"
	OSRelease=" Personal"
	OSVersion=" (Build 22631)"
	OSPlatform="AMD64"
	Is64Bits="1"
	VendorString="AuthenticAMD"
	VendorID="Advanced Micro Devices"
	FamilyID="15"
	ModelID="8"
	ProcessorCacheSize="96"
	NumberOfLogicalCPU="8"
	NumberOfPhysicalCPU="4"
	TotalVirtualMemory="15106"
	TotalPhysicalMemory="14210"
	LogicalProcessorsPerPhysical="2"
	ProcessorClockFrequency="3402"
	>
	<Testing>
		<StartDateTime>Oct 19 18:11 ?????????</StartDateTime>
		<StartTestTime>1729354262</StartTestTime>
		<TestList>
			<Test>./tests/PolynomialTests.Operator_Division_PolynomialDivisionSeveralDivisions_ResultsAreCorrect</Test>
		</TestList>
		<Test Status="failed">
			<Name>PolynomialTests.Operator_Division_PolynomialDivisionSeveralDivisions_ResultsAreCorrect</Name>
			<Path>./tests</Path>
			<FullName>./tests/PolynomialTests.Operator_Division_PolynomialDivisionSeveralDivisions_ResultsAreCorrect</FullName>
			<FullCommandLine>C:\Projekte\vath\build\tests\VathTests.exe "--gtest_filter=PolynomialTests.Operator_Division_PolynomialDivisionSeveralDivisions_ResultsAreCorrect" "--gtest_also_run_disabled_tests"</FullCommandLine>
			<Results>
				<NamedMeasurement type="text/string" name="Exit Code">
					<Value>SEGFAULT</Value>
				</NamedMeasurement>
				<NamedMeasurement type="text/string" name="Exit Value">
					<Value>3221225477</Value>
				</NamedMeasurement>
				<NamedMeasurement type="numeric/double" name="Execution Time">
					<Value>0.0394796</Value>
				</NamedMeasurement>
				<NamedMeasurement type="numeric/double" name="Processors">
					<Value>1</Value>
				</NamedMeasurement>
				<NamedMeasurement type="text/string" name="Completion Status">
					<Value>Completed</Value>
				</NamedMeasurement>
				<NamedMeasurement type="text/string" name="Command Line">
					<Value>C:\Projekte\vath\build\tests\VathTests.exe "--gtest_filter=PolynomialTests.Operator_Division_PolynomialDivisionSeveralDivisions_ResultsAreCorrect" "--gtest_also_run_disabled_tests"</Value>
				</NamedMeasurement>
				<NamedMeasurement type="text/string" name="Environment">
					<Value>#CTEST_RESOURCE_GROUP_COUNT=</Value>
				</NamedMeasurement>
				<Measurement>
					<Value encoding="base64" compression="gzip">eJy1j7FuwlAMRfd8hUc6EIkViaECiY1GoZ2SKHqNTGp4sZGfE4m/Jwk0IHbudG0f27ppy0xcQ+OIZx9wUGlgvcwTlSOeDPPO2V9ei9QeDYM926BVXg+uHJbjqop2YriE7YjAdz+BA3lDhRUk4i8sDTk/9EP8dUZ1JlpuqKNAwuWD+G/tseuhqQxliqH1Fj4V16KKlUXZalIB6T3LAmz8PWS5+9CSYRxl80kFbL38On+bI3ekwg1yz6LN2/ML/HzzJUuUQfqzg1HFu4JeAV7hmTE=</Value>
				</Measurement>
			</Results>
		</Test>
		<EndDateTime>Oct 19 18:11 ?????????</EndDateTime>
		<EndTestTime>1729354262</EndTestTime>
		<ElapsedMinutes>0</ElapsedMinutes>
	</Testing>
</Site>
