<?xml version="1.0" encoding="UTF-8"?>
<Site BuildName="(empty)"
	BuildStamp="20241027-1523-Experimental"
	Name="(empty)"
	Generator="ctest-3.30.3"
	CompilerName=""
	CompilerVersion=""
	OSName="Windows"
	Hostname="Timo-PC"
	OSRelease=" Personal"
	OSVersion=" (Build 22631)"
	OSPlatform="AMD64"
	Is64Bits="1"
	VendorString="AuthenticAMD"
	VendorID="Advanced Micro Devices"
	FamilyID="15"
	ModelID="8"
	ProcessorCacheSize="96"
	NumberOfLogicalCPU="8"
	NumberOfPhysicalCPU="4"
	TotalVirtualMemory="15106"
	TotalPhysicalMemory="14210"
	LogicalProcessorsPerPhysical="2"
	ProcessorClockFrequency="2295"
	>
	<Testing>
		<StartDateTime>Oct 27 19:29 ?????????</StartDateTime>
		<StartTestTime>1730053788</StartTestTime>
		<TestList>
			<Test>./tests/VathTests</Test>
		</TestList>
		<Test Status="passed">
			<Name>VathTests</Name>
			<Path>./tests</Path>
			<FullName>./tests/VathTests</FullName>
			<FullCommandLine>C:\Projekte\vath\build\tests\VathTests.exe</FullCommandLine>
			<Results>
				<NamedMeasurement type="numeric/double" name="Execution Time">
					<Value>0.0541299</Value>
				</NamedMeasurement>
				<NamedMeasurement type="numeric/double" name="Processors">
					<Value>1</Value>
				</NamedMeasurement>
				<NamedMeasurement type="text/string" name="Completion Status">
					<Value>Completed</Value>
				</NamedMeasurement>
				<NamedMeasurement type="text/string" name="Command Line">
					<Value>C:\Projekte\vath\build\tests\VathTests.exe</Value>
				</NamedMeasurement>
				<NamedMeasurement type="text/string" name="Environment">
					<Value>#CTEST_RESOURCE_GROUP_COUNT=</Value>
				</NamedMeasurement>
				<Measurement>
					<Value encoding="base64" compression="gzip">eJytk01PwzAMhu/9FT5uh1VsAySQOKABYwK2qSqntaqy1m0DbTLipLB/T7rCqHbaB74kcV4/thPZM0JwkUHJuOh0IVWyhNF1MFfyDd81BhXTeZBJmRWokXR7SyoOsnoX1cFuHDuLm62F4P2QLy+gFlHDHm4OQIbb1XUWva2FMC7kkhWNAEXFlRQlCitG3TOrHfHwqo2dy2ItZMlZ4ddOZwHe6xQ2Fu5eui+oc5lEE7r/MKyIZipBNVNTUy7tmvqoSprQHU9TVDZ95KE2StADKwgtuLHZ0/+CoXMGJXX3KnwkMU15zC3jmZMebMBtL90qtD9Y8QST3yy+MvtVfzT9kBY20MFOqsZ7Su2HYw8peoz6kWe5dTU/m7Z19SP9nSd0dA8nZ4FOf/+WXNfOlZ9zghVTGmQKOsdmBKXRK6PhkxEoLGWFCRAXMQK34/kVIybUiHOFlMsiqaP7Z4NzWK7r4Q6db0GBjL0=</Value>
				</Measurement>
			</Results>
		</Test>
		<EndDateTime>Oct 27 19:29 ?????????</EndDateTime>
		<EndTestTime>1730053788</EndTestTime>
		<ElapsedMinutes>0</ElapsedMinutes>
	</Testing>
</Site>
