<?xml version="1.0" encoding="UTF-8"?>
<Site BuildName="(empty)"
	BuildStamp="20241003-1226-Experimental"
	Name="(empty)"
	Generator="ctest-3.30.3"
	CompilerName=""
	CompilerVersion=""
	OSName="Windows"
	Hostname="Timo-PC"
	OSRelease=" Personal"
	OSVersion=" (Build 22631)"
	OSPlatform="AMD64"
	Is64Bits="1"
	VendorString="AuthenticAMD"
	VendorID="Advanced Micro Devices"
	FamilyID="15"
	ModelID="8"
	ProcessorCacheSize="96"
	NumberOfLogicalCPU="8"
	NumberOfPhysicalCPU="4"
	TotalVirtualMemory="15106"
	TotalPhysicalMemory="14210"
	LogicalProcessorsPerPhysical="2"
	ProcessorClockFrequency="2295"
	>
	<Testing>
		<StartDateTime>Oct 03 23:24 ?????????</StartDateTime>
		<StartTestTime>1727990688</StartTestTime>
		<TestList>
			<Test>./tests/VathTests</Test>
		</TestList>
		<Test Status="passed">
			<Name>VathTests</Name>
			<Path>./tests</Path>
			<FullName>./tests/VathTests</FullName>
			<FullCommandLine>C:\Projekte\vath\build\tests\VathTests.exe</FullCommandLine>
			<Results>
				<NamedMeasurement type="numeric/double" name="Execution Time">
					<Value>0.0709771</Value>
				</NamedMeasurement>
				<NamedMeasurement type="numeric/double" name="Processors">
					<Value>1</Value>
				</NamedMeasurement>
				<NamedMeasurement type="text/string" name="Completion Status">
					<Value>Completed</Value>
				</NamedMeasurement>
				<NamedMeasurement type="text/string" name="Command Line">
					<Value>C:\Projekte\vath\build\tests\VathTests.exe</Value>
				</NamedMeasurement>
				<NamedMeasurement type="text/string" name="Environment">
					<Value>#CTEST_RESOURCE_GROUP_COUNT=</Value>
				</NamedMeasurement>
				<Measurement>
					<Value encoding="base64" compression="gzip">eJytk01PwkAQhu/9FXOUg40QL5p4MPgRoqLBqgcgzdpO6cp2B3dmUf+9LVVSCCT4MZfO7rzvk+lOZuCt1XYChdJ2rwWZowK6x6M7Ry84FRzNleSjCdHEoCBLM2WXjCZVFlfmMEmC4ckyxjD4IrfbUIm4ZncWB2Cvy28YDPeXMYZLQ8/K1AK0c+3IFmhLMcq+n62JO03qHZkPS4VWJqougyEMHvqwiPF6MeySZXE+EXLxGWbKG2lc9bhn5zTFdEPtidy0gtdxe/X/cNg7gIJbu/9AI4/UFLlLmGU60eW7XetyNL/v/qfkZeu7Tqk2gJAo0wpWfUdN3w1tne1KKbxBySmNe3z+6pWJv4uPynjkU4dRjveqwHiA4p3lyHlcfY8/4zbO72fUPska+EIZ/lOjW5BVs2FY7lWUa4aZcgKUgeRYryB5mXmBN8XgsKA5psDaJgi6XM/3BDHlWpw75JxMWrnbB51DeP6olnscfAJdTYmM====</Value>
				</Measurement>
			</Results>
		</Test>
		<EndDateTime>Oct 03 23:24 ?????????</EndDateTime>
		<EndTestTime>1727990689</EndTestTime>
		<ElapsedMinutes>0</ElapsedMinutes>
	</Testing>
</Site>
