<?xml version="1.0" encoding="UTF-8"?>
<Site BuildName="(empty)"
	BuildStamp="20241031-1750-Experimental"
	Name="(empty)"
	Generator="ctest-3.30.3"
	CompilerName=""
	CompilerVersion=""
	OSName="Windows"
	Hostname="Timo-PC"
	OSRelease=" Personal"
	OSVersion=" (Build 22631)"
	OSPlatform="AMD64"
	Is64Bits="1"
	VendorString="AuthenticAMD"
	VendorID="Advanced Micro Devices"
	FamilyID="15"
	ModelID="8"
	ProcessorCacheSize="96"
	NumberOfLogicalCPU="8"
	NumberOfPhysicalCPU="4"
	TotalVirtualMemory="15106"
	TotalPhysicalMemory="14210"
	LogicalProcessorsPerPhysical="2"
	ProcessorClockFrequency="2295"
	>
	<Testing>
		<StartDateTime>Oct 31 20:08 ?????????</StartDateTime>
		<StartTestTime>1730401693</StartTestTime>
		<TestList>
			<Test>./tests/PolynomialTests.Method_FindZeros_ZerosAreProvided_ResultsAreCorrect</Test>
		</TestList>
		<Test Status="failed">
			<Name>PolynomialTests.Method_FindZeros_ZerosAreProvided_ResultsAreCorrect</Name>
			<Path>./tests</Path>
			<FullName>./tests/PolynomialTests.Method_FindZeros_ZerosAreProvided_ResultsAreCorrect</FullName>
			<FullCommandLine>C:\Projekte\vath\build\tests\VathTests.exe "--gtest_filter=PolynomialTests.Method_FindZeros_ZerosAreProvided_ResultsAreCorrect" "--gtest_also_run_disabled_tests"</FullCommandLine>
			<Results>
				<NamedMeasurement type="text/string" name="Exit Code">
					<Value>Failed</Value>
				</NamedMeasurement>
				<NamedMeasurement type="text/string" name="Exit Value">
					<Value>1</Value>
				</NamedMeasurement>
				<NamedMeasurement type="numeric/double" name="Execution Time">
					<Value>0.067037</Value>
				</NamedMeasurement>
				<NamedMeasurement type="numeric/double" name="Processors">
					<Value>1</Value>
				</NamedMeasurement>
				<NamedMeasurement type="text/string" name="Completion Status">
					<Value>Completed</Value>
				</NamedMeasurement>
				<NamedMeasurement type="text/string" name="Command Line">
					<Value>C:\Projekte\vath\build\tests\VathTests.exe "--gtest_filter=PolynomialTests.Method_FindZeros_ZerosAreProvided_ResultsAreCorrect" "--gtest_also_run_disabled_tests"</Value>
				</NamedMeasurement>
				<NamedMeasurement type="text/string" name="Environment">
					<Value>#CTEST_RESOURCE_GROUP_COUNT=</Value>
				</NamedMeasurement>
				<Measurement>
					<Value encoding="base64" compression="gzip">eJytUsFqAjEQvecrhp6U1sUWehF6EKtSaEXUXqoicTNq2uyMJLPa9uub3RWphYIH55AMk5d5814yyoksrSHTlmp1WHnOoNOaDT2/44fgbKdlM1szrx0KBvmdBp/O1kW2KC4naaoGLNiCfgmBSTyBlXWCHh5gyO6LOLPaFfWQvKBs2Cx6lswbeg6Lcm17jMw7a9AsRhhyJ0Wpw95jKmr6cIw5jA6D34KURMXghzzkVjBR08Yx5tB3vNSuOkfaWc+UIUUsSiPf/gH/7vlncDWF0esAyphfRFVOH8R7KqyK5vW0dblH1bm+BvxMcSuWCfZWNmAwpN5WhauOpsJdMqDhO5LAEmWPSNC4bzZBx3rckyuQjS+aW4oZVrKWbL4SFYVAr/303H28kBCo3UIW6mc7CbW7iAdh0a6uznstQe0bJgo6/Qv//QHwmpJTnqh62B6PK9XNEhuSUy+qDjfgbBA00VjH+9bF7VIqEh06TrrjifoB2P4zcw==</Value>
				</Measurement>
			</Results>
		</Test>
		<EndDateTime>Oct 31 20:08 ?????????</EndDateTime>
		<EndTestTime>1730401693</EndTestTime>
		<ElapsedMinutes>0</ElapsedMinutes>
	</Testing>
</Site>
